<?xml version="1.0" encoding="UTF-8"?>
<!-- Generated by org.testng.reporters.JUnitReportReporter -->
<testsuite hostname="kamalesh" failures="0" tests="7" name="com.employee.automation.AdminTests" time="27.653" errors="0" timestamp="2026-07-18T15:30:21 IST" skipped="0">
  <testcase classname="com.employee.automation.AdminTests" name="testAdminDashboardStatsCards" time="4.538"/>
  <testcase classname="com.employee.automation.AdminTests" name="testAdminAttendanceManagement" time="3.774"/>
  <testcase classname="com.employee.automation.AdminTests" name="testAdminEmployeeList" time="4.290"/>
  <testcase classname="com.employee.automation.AdminTests" name="testAdminLoginInvalid" time="3.267"/>
  <testcase classname="com.employee.automation.AdminTests" name="testAdminSalaryManagement" time="3.656"/>
  <testcase classname="com.employee.automation.AdminTests" name="testAdminDashboardDock" time="3.858"/>
  <testcase classname="com.employee.automation.AdminTests" name="testAdminLogin" time="4.270"/>
</testsuite> <!-- com.employee.automation.AdminTests -->
