<?xml version="1.0" encoding="UTF-8"?>
<!-- Generated by org.testng.reporters.JUnitReportReporter -->
<testsuite hostname="kamalesh" failures="0" tests="5" name="com.employee.automation.EmployeeTests" time="18.470" errors="0" timestamp="2026-07-18T15:30:21 IST" skipped="0">
  <testcase classname="com.employee.automation.EmployeeTests" name="testEmployeeAttendance" time="3.923"/>
  <testcase classname="com.employee.automation.EmployeeTests" name="testEmployeeLogin" time="3.627"/>
  <testcase classname="com.employee.automation.EmployeeTests" name="testEmployeeLeaveRequest" time="3.748"/>
  <testcase classname="com.employee.automation.EmployeeTests" name="testEmployeeDashboard" time="3.693"/>
  <testcase classname="com.employee.automation.EmployeeTests" name="testEmployeeLoginInvalid" time="3.479"/>
</testsuite> <!-- com.employee.automation.EmployeeTests -->
