<?xml version="1.0" encoding="UTF-8"?>
<testsuite xmlns:xsi="http://www.w3.org/2001/XMLSchema-instance" xsi:noNamespaceSchemaLocation="https://maven.apache.org/surefire/maven-surefire-plugin/xsd/surefire-test-report-3.0.xsd" version="3.0" name="TestSuite" time="61.12" tests="13" errors="0" skipped="0" failures="0">
  <properties>
[...]
</properties>
  <testcase name="testAdminLogin" classname="com.employee.automation.AdminTests" time="3.469">
    <system-out><![CDATA[...
... TestNG 7.12.0 by Cédric Beust (cedric@beust.com)
...


[BROWSER] Opened.
▶ TEST 1: Admin Valid Login
  [SETUP] Session cleared.
  ✅ PASSED: Admin login redirects to dashboard
]]></system-out>
    <system-err><![CDATA[SLF4J(W): No SLF4J providers were found.
SLF4J(W): Defaulting to no-operation (NOP) logger implementation
SLF4J(W): See https://www.slf4j.org/codes.html#noProviders for further details.
Jul 18, 2026 3:29:21 PM org.openqa.selenium.devtools.CdpVersionFinder findNearestMatch
WARNING: Unable to find an exact match for CDP version 150, returning the closest version; found: 149; Please update to a Selenium version that supports CDP version 150
]]></system-err>
  </testcase>
  <testcase name="testAdminLoginInvalid" classname="com.employee.automation.AdminTests" time="2.452">
    <system-out><![CDATA[[BROWSER] Closed.


[BROWSER] Opened.
▶ TEST 2: Admin Invalid Login
  [SETUP] Session cleared.
  ✅ PASSED: Error shown: Invalid admin credentials
  ✅ PASSED: URL stayed on login page
]]></system-out>
    <system-err><![CDATA[Jul 18, 2026 3:29:26 PM org.openqa.selenium.devtools.CdpVersionFinder findNearestMatch
WARNING: Unable to find an exact match for CDP version 150, returning the closest version; found: 149; Please update to a Selenium version that supports CDP version 150
]]></system-err>
  </testcase>
  <testcase name="testAdminDashboardStatsCards" classname="com.employee.automation.AdminTests" time="3.348">
    <system-out><![CDATA[[BROWSER] Closed.


[BROWSER] Opened.
▶ TEST 3: Admin Dashboard — Stats Cards
  [SETUP] Session cleared.
  [OK] Logged in as Admin.
  ✅ PASSED: Dashboard loaded with 4 stat cards
]]></system-out>
    <system-err><![CDATA[Jul 18, 2026 3:29:29 PM org.openqa.selenium.devtools.CdpVersionFinder findNearestMatch
WARNING: Unable to find an exact match for CDP version 150, returning the closest version; found: 149; Please update to a Selenium version that supports CDP version 150
]]></system-err>
  </testcase>
  <testcase name="testAdminDashboardDock" classname="com.employee.automation.AdminTests" time="3.077">
    <system-out><![CDATA[[BROWSER] Closed.


[BROWSER] Opened.
▶ TEST 4: Admin Dashboard — Navigation Links
  [SETUP] Session cleared.
  [OK] Logged in as Admin.
  ℹ Navigation mode: SIDEBAR
  ✅ PASSED: Navigation visible, logout button present, nav link works
]]></system-out>
    <system-err><![CDATA[Jul 18, 2026 3:29:33 PM org.openqa.selenium.devtools.CdpVersionFinder findNearestMatch
WARNING: Unable to find an exact match for CDP version 150, returning the closest version; found: 149; Please update to a Selenium version that supports CDP version 150
]]></system-err>
  </testcase>
  <testcase name="testAdminEmployeeList" classname="com.employee.automation.AdminTests" time="3.513">
    <system-out><![CDATA[[BROWSER] Closed.


[BROWSER] Opened.
▶ TEST 5: Admin Employee List
  [SETUP] Session cleared.
  [OK] Logged in as Admin.
  ✅ PASSED: Employee list loaded with 2 card(s), search works
]]></system-out>
    <system-err><![CDATA[Jul 18, 2026 3:29:37 PM org.openqa.selenium.devtools.CdpVersionFinder findNearestMatch
WARNING: Unable to find an exact match for CDP version 150, returning the closest version; found: 149; Please update to a Selenium version that supports CDP version 150
]]></system-err>
  </testcase>
  <testcase name="testAdminSalaryManagement" classname="com.employee.automation.AdminTests" time="2.862">
    <system-out><![CDATA[[BROWSER] Closed.


[BROWSER] Opened.
▶ TEST 6: Admin Salary Management
  [SETUP] Session cleared.
  [OK] Logged in as Admin.
  ✅ PASSED: Salary Management page loaded correctly
]]></system-out>
    <system-err><![CDATA[Jul 18, 2026 3:29:41 PM org.openqa.selenium.devtools.CdpVersionFinder findNearestMatch
WARNING: Unable to find an exact match for CDP version 150, returning the closest version; found: 149; Please update to a Selenium version that supports CDP version 150
]]></system-err>
  </testcase>
  <testcase name="testAdminAttendanceManagement" classname="com.employee.automation.AdminTests" time="2.982">
    <system-out><![CDATA[[BROWSER] Closed.


[BROWSER] Opened.
▶ TEST 7: Admin Attendance Management
  [SETUP] Session cleared.
  [OK] Logged in as Admin.
  ✅ PASSED: Attendance Management page loaded correctly
]]></system-out>
    <system-err><![CDATA[Jul 18, 2026 3:29:45 PM org.openqa.selenium.devtools.CdpVersionFinder findNearestMatch
WARNING: Unable to find an exact match for CDP version 150, returning the closest version; found: 149; Please update to a Selenium version that supports CDP version 150
]]></system-err>
  </testcase>
  <testcase name="testEmployeeLogin" classname="com.employee.automation.EmployeeTests" time="2.809">
    <system-out><![CDATA[[BROWSER] Closed.


[BROWSER] Opened.
▶ TEST 8: Employee Valid Login
  [SETUP] Session cleared.
  ✅ PASSED: Employee login redirects to dashboard
]]></system-out>
    <system-err><![CDATA[Jul 18, 2026 3:29:49 PM org.openqa.selenium.devtools.CdpVersionFinder findNearestMatch
WARNING: Unable to find an exact match for CDP version 150, returning the closest version; found: 149; Please update to a Selenium version that supports CDP version 150
]]></system-err>
  </testcase>
  <testcase name="testEmployeeLoginInvalid" classname="com.employee.automation.EmployeeTests" time="2.657">
    <system-out><![CDATA[[BROWSER] Closed.


[BROWSER] Opened.
▶ TEST 9: Employee Invalid Login
  [SETUP] Session cleared.
  ✅ PASSED: Error shown: Invalid employee ID or password
  ✅ PASSED: URL stayed on employee login page
]]></system-out>
    <system-err><![CDATA[Jul 18, 2026 3:29:52 PM org.openqa.selenium.devtools.CdpVersionFinder findNearestMatch
WARNING: Unable to find an exact match for CDP version 150, returning the closest version; found: 149; Please update to a Selenium version that supports CDP version 150
]]></system-err>
  </testcase>
  <testcase name="testEmployeeDashboard" classname="com.employee.automation.EmployeeTests" time="2.91">
    <system-out><![CDATA[[BROWSER] Closed.


[BROWSER] Opened.
▶ TEST 10: Employee Dashboard
  [SETUP] Session cleared.
  [OK] Logged in as Employee (emp002).
  ✅ PASSED: Employee dashboard loaded, nav works, profile nav works
]]></system-out>
    <system-err><![CDATA[Jul 18, 2026 3:29:56 PM org.openqa.selenium.devtools.CdpVersionFinder findNearestMatch
WARNING: Unable to find an exact match for CDP version 150, returning the closest version; found: 149; Please update to a Selenium version that supports CDP version 150
]]></system-err>
  </testcase>
  <testcase name="testEmployeeAttendance" classname="com.employee.automation.EmployeeTests" time="3.138">
    <system-out><![CDATA[[BROWSER] Closed.


[BROWSER] Opened.
▶ TEST 11: Employee Attendance Page
  [SETUP] Session cleared.
  [OK] Logged in as Employee (emp003).
  ✅ PASSED: Employee Attendance page loaded correctly
]]></system-out>
    <system-err><![CDATA[Jul 18, 2026 3:29:59 PM org.openqa.selenium.devtools.CdpVersionFinder findNearestMatch
WARNING: Unable to find an exact match for CDP version 150, returning the closest version; found: 149; Please update to a Selenium version that supports CDP version 150
]]></system-err>
  </testcase>
  <testcase name="testEmployeeLeaveRequest" classname="com.employee.automation.EmployeeTests" time="2.965">
    <system-out><![CDATA[[BROWSER] Closed.


[BROWSER] Opened.
▶ TEST 12: Employee Leave Request Page
  [SETUP] Session cleared.
  [OK] Logged in as Employee (emp002).
  ✅ PASSED: Employee Leave Request page loaded correctly
]]></system-out>
    <system-err><![CDATA[Jul 18, 2026 3:30:03 PM org.openqa.selenium.devtools.CdpVersionFinder findNearestMatch
WARNING: Unable to find an exact match for CDP version 150, returning the closest version; found: 149; Please update to a Selenium version that supports CDP version 150
]]></system-err>
  </testcase>
  <testcase name="testCreateEmployee" classname="com.employee.automation.CreateEmployeeTest" time="13.757">
    <system-out><![CDATA[[BROWSER] Closed.


[BROWSER] Opened.
=== TEST 13: Create Employee - Full E2E Validation ===
============================================================

  [STEP 1] Generated unique employee data:
    Name    : Test Employee1784368807624
    Role    : QA Automation Engineer
    Email   : testuser.1784368807624@automation.test
    Salary  : 62000
    Phone   : 9368807624
    Dept    : Engineering
    Manager : Admin

  [STEP 2] Pre-checking MockAPI for duplicate email...
  [MockAPI] GET status: 200
  [OK] Email is unique - proceeding.

  [STEP 3] Logging in as Admin...
  [SETUP] Session cleared.
  [OK] Logged in as Admin.
  [INFO] Initial employee count in UI: 12

  [STEP 4] Capturing screenshot BEFORE form opens...
  [SCREENSHOT] Saved: D:\Frontend Automaton\Final Project\employee-management\employee-manage\EmployeeAutomation\screenshots\20260718_153012_030_01_before_form_open.png

  [STEP 5] Clicking Add Employee button (once)...
  [OK] Modal opened.

  [STEP 6] Filling form fields...
  [OK] Filled: name=Test Employee1784368807624 | email=testuser.1784368807624@automation.test | role=QA Automation Engineer

  [STEP 7] Capturing screenshot with form filled (before submit)...
  [SCREENSHOT] Saved: D:\Frontend Automaton\Final Project\employee-management\employee-manage\EmployeeAutomation\screenshots\20260718_153014_110_02_form_filled_before_submit.png

  [STEP 8] Clicking Save (single click)...
  [OK] Save button disabled during submission: true

  [STEP 9] Waiting for modal to close (success state)...
  [OK] Modal closed - employee creation succeeded. (Req 6 verified)

  [STEP 10] Capturing screenshot after successful creation...
  [SCREENSHOT] Saved: D:\Frontend Automaton\Final Project\employee-management\employee-manage\EmployeeAutomation\screenshots\20260718_153020_532_03_after_employee_created.png

  [STEP 11] Verifying employee appears in UI list...
  [OK] Employee 'Test Employee1784368807624' is visible in UI list. (Req 7 passed)
  [SCREENSHOT] Saved: D:\Frontend Automaton\Final Project\employee-management\employee-manage\EmployeeAutomation\screenshots\20260718_153021_007_04_employee_visible_in_list.png

  [STEP 12] Verifying employee exists in MockAPI...
  [MockAPI] GET status: 200
  [MockAPI Response - first 400 chars]: [{"password":"pass123","name":"John Smith","email":"john.smith@company.com","phone":"555-0101","department":"Engineering","role":"Software Engineer","joinDate":"2025-10-12T13:06:19.645Z","salary":75000,"avatar":"JS","status":"active","address":"574 Alia Path","manager":"Admin","employeeType":"Full-Time","skills":"skills 1","bankaccount":"29454851","pan":"pan 1","id":"1"},{"password":"pass123","nam
  [OK] Employee found in MockAPI by email. (Req 8 passed)

============================================================
  [SUMMARY] Employee Creation Results:
  | Name      : Test Employee1784368807624
  | Role      : QA Automation Engineer
  | Email     : testuser.1784368807624@automation.test
  | Dept      : Engineering
  | Salary    : 62000
  | Phone     : 9368807624
  | Manager   : Admin
  | MockAPI ID: 14
  | In MockAPI: true
  | In UI     : true
============================================================
  [PASSED] TEST 13: Employee created, verified in UI and MockAPI.
]]></system-out>
    <system-err><![CDATA[Jul 18, 2026 3:30:07 PM org.openqa.selenium.devtools.CdpVersionFinder findNearestMatch
WARNING: Unable to find an exact match for CDP version 150, returning the closest version; found: 149; Please update to a Selenium version that supports CDP version 150
]]></system-err>
  </testcase>
</testsuite>