<?xml version="1.0" encoding="UTF-8"?>
<!-- Generated by org.testng.reporters.JUnitXMLReporter -->
<testsuite ignored="0" hostname="kamalesh" failures="0" tests="7" name="Admin Portal Tests" time="27.689" errors="0" timestamp="2026-07-18T15:29:48 IST">
  <testcase classname="com.employee.automation.AdminTests" name="testAdminLogin" time="3.469"/>
  <testcase classname="com.employee.automation.AdminTests" name="testAdminLoginInvalid" time="2.452"/>
  <testcase classname="com.employee.automation.AdminTests" name="testAdminDashboardStatsCards" time="3.349"/>
  <testcase classname="com.employee.automation.AdminTests" name="testAdminDashboardDock" time="3.076"/>
  <testcase classname="com.employee.automation.AdminTests" name="testAdminEmployeeList" time="3.513"/>
  <testcase classname="com.employee.automation.AdminTests" name="testAdminSalaryManagement" time="2.861"/>
  <testcase classname="com.employee.automation.AdminTests" name="testAdminAttendanceManagement" time="2.981"/>
</testsuite> <!-- Admin Portal Tests -->
