<?xml version="1.0" encoding="UTF-8"?>
<!-- Generated by org.testng.reporters.JUnitXMLReporter -->
<testsuite ignored="0" hostname="kamalesh" failures="0" tests="5" name="Employee Portal Tests" time="18.48" errors="0" timestamp="2026-07-18T15:30:06 IST">
  <testcase classname="com.employee.automation.EmployeeTests" name="testEmployeeLogin" time="2.809"/>
  <testcase classname="com.employee.automation.EmployeeTests" name="testEmployeeLoginInvalid" time="2.656"/>
  <testcase classname="com.employee.automation.EmployeeTests" name="testEmployeeDashboard" time="2.91"/>
  <testcase classname="com.employee.automation.EmployeeTests" name="testEmployeeAttendance" time="3.138"/>
  <testcase classname="com.employee.automation.EmployeeTests" name="testEmployeeLeaveRequest" time="2.965"/>
</testsuite> <!-- Employee Portal Tests -->
