<?xml version="1.0" encoding="UTF-8"?>
<testsuite xmlns:xsi="http://www.w3.org/2001/XMLSchema-instance" xsi:noNamespaceSchemaLocation="https://maven.apache.org/surefire/maven-surefire-plugin/xsd/surefire-test-report-3.0.xsd" version="3.0" name="com.cucumber.runner.TestRunner" time="29.783" tests="4" errors="0" skipped="0" failures="0">
  <properties>
[...]
</properties>
  <testcase name="Admin Login with valid credentials - Run 1" classname="Admin Login Functionality" time="18.175">
    <system-out><![CDATA[
Scenario Outline: Admin Login with valid credentials - Run 1 # src/test/resources/features/features/AdminLogin.feature:11

🚀 Browser launched for scenario.
  🧹 Cleared localStorage (stale session removed).
  ✅ Admin login page opened: http://localhost:5173/admin/login
  ✔ Given Admin opens the admin login page                   # com.cucumber.stepdefinitions.AdminLoginSteps.admin_opens_the_admin_login_page()
  ✅ Admin username entered: admin
  ✔ When admin enters username "admin"                       # com.cucumber.stepdefinitions.AdminLoginSteps.admin_enters_username(java.lang.String)
  ✅ Admin password entered.
  ✔ And admin enters password "admin123"                     # com.cucumber.stepdefinitions.AdminLoginSteps.admin_enters_password(java.lang.String)
  ✅ Admin login button clicked.
  ✅ Redirected to: http://localhost:5173/admin/dashboard
  🎉 ADMIN LOGIN SUCCESS — Dashboard reached!
  ✔ Then admin clicks the login button and reaches dashboard # com.cucumber.stepdefinitions.AdminLoginSteps.admin_clicks_the_login_button_and_reaches_dashboard()
🛑 Browser closed after scenario.

]]></system-out>
    <system-err><![CDATA[SLF4J(W): No SLF4J providers were found.
SLF4J(W): Defaulting to no-operation (NOP) logger implementation
SLF4J(W): See https://www.slf4j.org/codes.html#noProviders for further details.
Jul 18, 2026 11:02:01 AM org.openqa.selenium.devtools.CdpVersionFinder findNearestMatch
WARNING: Unable to find an exact match for CDP version 150, returning the closest version; found: 149; Please update to a Selenium version that supports CDP version 150
]]></system-err>
  </testcase>
  <testcase name="Admin Login with valid credentials - Run 2" classname="Admin Login Functionality" time="2.83">
    <system-out><![CDATA[
Scenario Outline: Admin Login with valid credentials - Run 2 # src/test/resources/features/features/AdminLogin.feature:12

🚀 Browser launched for scenario.
  🧹 Cleared localStorage (stale session removed).
  ✅ Admin login page opened: http://localhost:5173/admin/login
  ✔ Given Admin opens the admin login page                   # com.cucumber.stepdefinitions.AdminLoginSteps.admin_opens_the_admin_login_page()
  ✅ Admin username entered: admin
  ✔ When admin enters username "admin"                       # com.cucumber.stepdefinitions.AdminLoginSteps.admin_enters_username(java.lang.String)
  ✅ Admin password entered.
  ✔ And admin enters password "admin123"                     # com.cucumber.stepdefinitions.AdminLoginSteps.admin_enters_password(java.lang.String)
  ✅ Admin login button clicked.
  ✅ Redirected to: http://localhost:5173/admin/dashboard
  🎉 ADMIN LOGIN SUCCESS — Dashboard reached!
  ✔ Then admin clicks the login button and reaches dashboard # com.cucumber.stepdefinitions.AdminLoginSteps.admin_clicks_the_login_button_and_reaches_dashboard()
🛑 Browser closed after scenario.

]]></system-out>
    <system-err><![CDATA[Jul 18, 2026 11:02:18 AM org.openqa.selenium.devtools.CdpVersionFinder findNearestMatch
WARNING: Unable to find an exact match for CDP version 150, returning the closest version; found: 149; Please update to a Selenium version that supports CDP version 150
]]></system-err>
  </testcase>
  <testcase name="Employee Login with valid credentials - Run 1" classname="Employee Login Functionality" time="3.408">
    <system-out><![CDATA[
Scenario Outline: Employee Login with valid credentials - Run 1 # src/test/resources/features/features/EmployeeLogin.feature:11

🚀 Browser launched for scenario.
  🧹 Cleared localStorage (stale session removed).
  ✅ Employee login page opened: http://localhost:5173/employee/login
  ✔ Given Employee opens the employee login page                # com.cucumber.stepdefinitions.EmployeeLoginSteps.employee_opens_the_employee_login_page()
  ✅ Employee username entered: emp002
  ✔ When employee enters username "emp002"                      # com.cucumber.stepdefinitions.EmployeeLoginSteps.employee_enters_username(java.lang.String)
  ✅ Employee password entered.
  ✔ And employee enters password "pass123"                      # com.cucumber.stepdefinitions.EmployeeLoginSteps.employee_enters_password(java.lang.String)
  ✅ Employee login button clicked.
  ✅ Redirected to: http://localhost:5173/employee/dashboard
  🎉 EMPLOYEE LOGIN SUCCESS — Dashboard reached!
  ✔ Then employee clicks the login button and reaches dashboard # com.cucumber.stepdefinitions.EmployeeLoginSteps.employee_clicks_the_login_button_and_reaches_dashboard()
🛑 Browser closed after scenario.

]]></system-out>
    <system-err><![CDATA[Jul 18, 2026 11:02:21 AM org.openqa.selenium.devtools.CdpVersionFinder findNearestMatch
WARNING: Unable to find an exact match for CDP version 150, returning the closest version; found: 149; Please update to a Selenium version that supports CDP version 150
]]></system-err>
  </testcase>
  <testcase name="Employee Login with valid credentials - Run 2" classname="Employee Login Functionality" time="4.995">
    <system-out><![CDATA[
Scenario Outline: Employee Login with valid credentials - Run 2 # src/test/resources/features/features/EmployeeLogin.feature:12

🚀 Browser launched for scenario.
  🧹 Cleared localStorage (stale session removed).
  ✅ Employee login page opened: http://localhost:5173/employee/login
  ✔ Given Employee opens the employee login page                # com.cucumber.stepdefinitions.EmployeeLoginSteps.employee_opens_the_employee_login_page()
  ✅ Employee username entered: emp003
  ✔ When employee enters username "emp003"                      # com.cucumber.stepdefinitions.EmployeeLoginSteps.employee_enters_username(java.lang.String)
  ✅ Employee password entered.
  ✔ And employee enters password "pass123"                      # com.cucumber.stepdefinitions.EmployeeLoginSteps.employee_enters_password(java.lang.String)
  ✅ Employee login button clicked.
  ✅ Redirected to: http://localhost:5173/employee/dashboard
  🎉 EMPLOYEE LOGIN SUCCESS — Dashboard reached!
  ✔ Then employee clicks the login button and reaches dashboard # com.cucumber.stepdefinitions.EmployeeLoginSteps.employee_clicks_the_login_button_and_reaches_dashboard()
🛑 Browser closed after scenario.

]]></system-out>
    <system-err><![CDATA[Jul 18, 2026 11:02:25 AM org.openqa.selenium.devtools.CdpVersionFinder findNearestMatch
WARNING: Unable to find an exact match for CDP version 150, returning the closest version; found: 149; Please update to a Selenium version that supports CDP version 150
]]></system-err>
  </testcase>
</testsuite>